****************************************************************************
*                            START OF ANALYSIS                             *
****************************************************************************
* Initiating Analysis At Fri Dec 24 22:14:03 2021
                          PROGRAM: STAAD.Pro
                          VERSION: 20.07.11.33
                22:14: 3:87  ENTERING STAAD
                22:14: 3:87  entering mainn
                22:14: 3:88  START JOB INFORMATION
                22:14: 3:88  INPUT WIDTH 79
                22:14: 3:88  UNIT METER KN
                22:14: 3:88  JOINT COORDINATES
                22:14: 3:88  ENTERING JOINTC
                22:14: 3:88  JOINTC NEWJ                                 200000
                22:14: 3:88  MAX NODE NO.                                   174
                22:14: 3:88  MEMBER INCIDENCES
                22:14: 3:88  ELEMENT INCIDENCES SH
                22:14: 3:88  ENTERING ELEMEN
                22:14: 3:88  START GROUP DEFINITIO
                22:14: 3:90  ELEMENT PROPERTY
                22:14: 3:90  ENTERING ELEMEN
                22:14: 3:90  DEFINE MATERIAL START
                22:14: 3:90  MEMBER PROPERTY AMERI
                22:14: 3:90    ++ Finished Reading Member Properties ...
                22:14: 3:90  CONSTANTS
                22:14: 3:90  MEMBER RELEASE
                22:14: 3:90  SUPPORTS
                22:14: 3:91  ENTERING SUPPORT
                22:14: 3:91  DEFINE WIND LOAD
                22:14: 3:91  LOAD 1 LOADTYPE DEAD
                22:14: 3:91  DUPLICATE ELEMENT CHECK
                22:14: 3:91  CHECKING STRUCTURAL INTEGRITY
                22:14: 3:91  CHECK UNCONNECTED JOINTS AND
                22:14: 3:91  CALCULATE MAX JOINT CONNECTIVITY
                22:14: 3:91  MAX CONNECTIVITY                                 8
                22:14: 3:91  CHECK MULTIPLE STRUCTURES
                22:14: 3:91  MINIMIZING MATRIX BANDWIDTH
                22:14: 3:91  ENTERING RENMBR2
                22:14: 3:91  MINMAX=                                        125
                22:14: 3:91  INTERCHANGES                                     2
                22:14: 3:91  MAXGBND=                                        34
                22:14: 3:91  MAXDIFF=                                        34
                22:14: 3:91  MINMAX =                                        31
                22:14: 3:91  ENTERING SUPPORT
                22:14: 3:91  NRJOLD                                           0
                22:14: 3:91  SUPPORT NOLD                                     0
                22:14: 3:91  SUPPORT N                                      720
                22:14: 3:91  BEFORE LOADPR
                22:14: 3:91  REOPEN AS DIR                                    0
                22:14: 3:93  ENTER LOADPR
                22:14: 3:96  PERFORM ANALYSIS PRIN
                22:14: 3:96  pdel iter                                        0
                22:14: 3:96  MAXIMUM E =                           3.150002E+03
                22:14: 3:96  MINIMUM E =                           3.150002E+03
                22:14: 3:96  MBW DOF BAND=                                  180
                22:14: 3:96  NUMBER OF PRIMARY CASES                          5
                22:14: 3:96  NUMBER OF CASES                                 30
                22:14: 3:96  #OF CASES W/ELEM INMEMORY                       30
                22:14: 3:96  MEMORY FOR MEMBER LOADS                      90720
                22:14: 3:96  MEMORY FOR DISPLACEMENTS                     24840
                22:14: 3:96  BEFORE SOLVER 1
                22:14: 3:96  Start Input for Next Load Case
                22:14: 3:98  case no=    1 seq. no=   1 idynl= 0
                22:14: 3:98  MASSSET                                          0
                22:14: 3:98  LOADEND ISLAVE                                   0
                22:14: 3:98  Start Input for Next Load Case
                22:14: 3:99  case no=    2 seq. no=   2 idynl= 0
                22:14: 3:99  LOADEND ISLAVE                                   0
                22:14: 3:99  Start Input for Next Load Case
                22:14: 4: 2  case no=    4 seq. no=   3 idynl= 0
                22:14: 4: 2  LOADEND ISLAVE                                   0
                22:14: 4: 2  Start Input for Next Load Case
                22:14: 4: 2  case no=    5 seq. no=   4 idynl= 0
                22:14: 4: 2  LOADEND ISLAVE                                   0
                22:14: 4: 2  Start Input for Next Load Case
                22:14: 4: 2  case no=    6 seq. no=   5 idynl= 0
                22:14: 4: 4  LOADEND ISLAVE                                   0
                22:14: 4: 4  NVPREV                                           0
                22:14: 4: 4  AMAXNON                               7.217848E+00
                22:14: 4: 4  IRECSIZL=                                     4000
                22:14: 4: 4  MTX BLOCKSIZE=                              119880
                22:14: 4: 4  MI=                                            720
                22:14: 4: 4  NORECL=                                         30
                22:14: 4: 4  NORECL1=                                         1
                22:14: 4: 4  IWORD=                                       32000
                22:14: 4: 4  JRECSIZE=                                     4000
                22:14: 4: 4  IWORDJ=                                      32000
                22:14: 4: 4  IBYTE=                                           4
                22:14: 4: 4  JOINTS=                                        138
                22:14: 4: 4  MEMBERS=                                       252
                22:14: 4: 4  PLATES =                                         8
                22:14: 4: 4  SOLIDS =                                         0
                22:14: 4: 4  NO. OF EQUATIONS=                              720
                22:14: 4: 4  idyn=                                            0
                22:14: 4: 4  ipd=                                             0
                22:14: 4: 4  icablanl=                                        0
                22:14: 4: 4  ++ Processing Element Stiffness Matrix.
                22:14: 4: 6  BANDWIDTH FROM ELEMENTS                        180
                22:14: 4: 6  NV1                                              5
                22:14: 4: 6  ++ Processing Global Stiffness Matrix.
                22:14: 4: 6  MBAND                                          180
                22:14: 4: 6  NBLOCK                                           2
                22:14: 4: 6  NEQB                                           666
                22:14: 4: 6  NBLK                                             2
                22:14: 4: 7    ++ Finished Processing Global Stiffness Matrix.
                22:14: 4: 7  ++ Processing Triangular Factorization-2.
                22:14: 4: 7  NBLK                                             1
                22:14: 4: 7  NBLOCK=                                          2
                22:14: 4: 9    ++ Finished Triangular Factorization.
                22:14: 4: 9  ++ Calculating Joint Displacement.
                22:14: 4: 9  forward substitute
                22:14: 4: 9  back substitute
                22:14: 4: 9  end redld
                22:14: 4: 9    ++ Finished Joint Displacement Calculation.
                22:14: 4:10  ++ Calculating Element Forces & Reactions.
                22:14: 4:14  COMBINATION CASES=                               0
                22:14: 4:14  MAX CM MEMORY (KILOWORDS)                      170
                22:14: 4:14  AFTER SOLVER 1
                22:14: 4:14  REOPEN AS SEQ                                    0
                22:14: 4:14  START CONCRETE DESIGN
                22:14: 4:15  ENTERING SECTN IQ=                             252
                22:14: 4:15               NSEC=                              11
                22:14: 4:15             ISECTN=                               0
                22:14: 4:20  sectn do 925
                22:14: 4:24  BEAM DESIGN                                    180
                22:14: 4:29  COLUMN DESIGN                                   72
                22:14: 4:31  PERFORM ANALYSIS PRIN
                22:14: 4:31  pdel iter                                        0
                22:14: 4:32  BEFORE SOLVER 1
                22:14: 4:32  REOPEN AS DIR                                    0
                22:14: 4:32  Start Input for Next Load Case
                22:14: 4:32  case no=    1 seq. no=   1 idynl= 0
                22:14: 4:32  MASSSET                                          0
                22:14: 4:32  LOADEND ISLAVE                                   0
                22:14: 4:32  Start Input for Next Load Case
                22:14: 4:35  case no=    2 seq. no=   2 idynl= 0
                22:14: 4:35  LOADEND ISLAVE                                   0
                22:14: 4:35  Start Input for Next Load Case
                22:14: 4:38  case no=    4 seq. no=   3 idynl= 0
                22:14: 4:38  LOADEND ISLAVE                                   0
                22:14: 4:38  Start Input for Next Load Case
                22:14: 4:38  case no=    5 seq. no=   4 idynl= 0
                22:14: 4:38  LOADEND ISLAVE                                   0
                22:14: 4:38  Start Input for Next Load Case
                22:14: 4:38  case no=    6 seq. no=   5 idynl= 0
                22:14: 4:38  LOADEND ISLAVE                                   0
                22:14: 4:38  NVPREV                                           0
                22:14: 4:38  AMAXNON                               7.217848E+00
                22:14: 4:38  IRECSIZL=                                     4000
                22:14: 4:38  MTX BLOCKSIZE=                              119880
                22:14: 4:38  MI=                                            720
                22:14: 4:38  NORECL=                                         30
                22:14: 4:38  NORECL1=                                         1
                22:14: 4:38  IWORD=                                       32000
                22:14: 4:38  JRECSIZE=                                     4000
                22:14: 4:38  IWORDJ=                                      32000
                22:14: 4:40  IBYTE=                                           4
                22:14: 4:40  JOINTS=                                        138
                22:14: 4:40  MEMBERS=                                       252
                22:14: 4:40  PLATES =                                         8
                22:14: 4:40  SOLIDS =                                         0
                22:14: 4:40  NO. OF EQUATIONS=                              720
                22:14: 4:40  idyn=                                            0
                22:14: 4:40  ipd=                                             0
                22:14: 4:40  icablanl=                                        0
                22:14: 4:40  ++ Processing Element Stiffness Matrix.
                22:14: 4:42  BANDWIDTH FROM ELEMENTS                        180
                22:14: 4:42  NV1                                              5
                22:14: 4:42  ++ Processing Global Stiffness Matrix.
                22:14: 4:42  MBAND                                          180
                22:14: 4:42  NBLOCK                                           2
                22:14: 4:42  NEQB                                           666
                22:14: 4:42  NBLK                                             2
                22:14: 4:43    ++ Finished Processing Global Stiffness Matrix.
                22:14: 4:43  ++ Processing Triangular Factorization-2.
                22:14: 4:43  NBLK                                             1
                22:14: 4:45  NBLOCK=                                          2
                22:14: 4:45    ++ Finished Triangular Factorization.
                22:14: 4:45  ++ Calculating Joint Displacement.
                22:14: 4:45  forward substitute
                22:14: 4:45  back substitute
                22:14: 4:46  end redld
                22:14: 4:46    ++ Finished Joint Displacement Calculation.
                22:14: 4:46  ++ Calculating Element Forces & Reactions.
                22:14: 4:51  COMBINATION CASES=                               0
                22:14: 4:51  MAX CM MEMORY (KILOWORDS)                      204
                22:14: 4:51  AFTER SOLVER 1
                22:14: 4:51  REOPEN AS SEQ                                    0
                22:14: 4:51  PRINT CG
                22:14: 4:51  FINISH
                22:14: 4:57  All Commands FINISHed
                22:14: 4:57  Compute Plate Stresses for GUI
                22:14: 4:59  DATASAVE for SPRO GUI
                22:14: 4:59  ++ Creating Displacement File (DSP)...
                22:14: 4:59  ++ Creating Reaction File (REA)...
                22:14: 4:59  ++ Creating Section Force File (BEN)...
                22:14: 4:59  ENTERING SECTNM110 IQ=                         252
                22:14: 4:59               NSEC=                              11
                22:14: 4:59             ISECTN=                               0
                22:14: 4:65  sectnm110 do 925
                22:14: 4:68  ++ Creating Section Force File (BMD)...
                22:14: 4:73  ++ Creating Section Displace File (SEC)...
                22:14: 4:73  ENTERING ENVLP1 ITYP1=                          -5
                22:14: 4:73  SECT DISPLACE
                22:14: 4:73  envelp do 606
                22:14: 4:78  ++ Creating Section Displace File (SCN)...
                22:14: 4:82  ++ Creating Element Stress File (EST)...
                22:14: 4:82  ++ Creating Element JT Stress File (EJT)...
                22:14: 4:82  ++ Creating Element JT Force File (ECF)...
                22:14: 4:82  ++ Creating Design information File (DGN)...
                22:14: 4:84  ALLOCATED CM MEMORY (KILOWORDS)              80000
                22:14: 4:84  MAX CM MEMORY (KILOWORDS)                      204
                22:14: 4:84  DBS LONG SEC NAME
* End Of Analysis At Fri Dec 24 22:14:04 2021
* CPU usage = 1.019000
* STAAD Exit Code: 100, Warning Count: 0, Error Count: 0, Duration: 1.019
1 0 0 1.019
****************************************************************************
*                            END OF ANALYSIS                               *
****************************************************************************
