12/24/2021 21:45:32	Reading UID database.
12/24/2021 21:45:32	Start loading STAAD model.
12/24/2021 21:45:32	Reading model file.
12/24/2021 21:45:32	Reading model file is complete.
12/24/2021 21:45:32	Processing support.
12/24/2021 21:45:32	Processing springs.
12/24/2021 21:45:32	Processing properties.
12/24/2021 21:45:32	Processing physical properties.
12/24/2021 21:45:32	Processing constants.
12/24/2021 21:45:32	Processing surface constants.
12/24/2021 21:45:32	Processing BETA constants.
12/24/2021 21:45:32	Processing hidden analytical member loads.
12/24/2021 21:45:32	Processing command list for member release.
12/24/2021 21:45:32	Processing command list for member offset.
12/24/2021 21:45:32	Processing command list for member specs (cracked).
12/24/2021 21:45:32	Processing command list for member specs (axial).
12/24/2021 21:45:32	Processing command list for element release.
12/24/2021 21:45:32	Processing command list for element offset.
12/24/2021 21:45:32	Processing command list for element plate stress directive.
12/24/2021 21:45:32	Processing parameter for Chinese wind load case.
12/24/2021 21:45:32	End Processing command list.
12/24/2021 21:45:32	End loading STAAD model.
